android_app/app/build/intermediates/manifest_merge_blame_file/debug/processDebugMainManifest/manifest-merger-blame-debug-report.txt
1<?xml version="1.0" encoding="utf-8"?>
2<manifest xmlns:android="http://schemas.android.com/apk/res/android"
3    package="com.medrep.fleet"
4    android:versionCode="1"
5    android:versionName="1.0.0" >
6
7    <uses-sdk
8        android:minSdkVersion="26"
9        android:targetSdkVersion="35" />
10
11    <!-- Network -->
12    <uses-permission android:name="android.permission.INTERNET" />
12-->src\main\AndroidManifest.xml:5:5-67
12-->src\main\AndroidManifest.xml:5:22-64
13    <uses-permission android:name="android.permission.ACCESS_NETWORK_STATE" />
13-->src\main\AndroidManifest.xml:6:5-79
13-->src\main\AndroidManifest.xml:6:22-76
14
15    <!-- GPS / Location -->
16    <uses-permission android:name="android.permission.ACCESS_FINE_LOCATION" />
16-->src\main\AndroidManifest.xml:9:5-79
16-->src\main\AndroidManifest.xml:9:22-76
17    <uses-permission android:name="android.permission.ACCESS_COARSE_LOCATION" />
17-->src\main\AndroidManifest.xml:10:5-81
17-->src\main\AndroidManifest.xml:10:22-78
18    <uses-permission android:name="android.permission.ACCESS_BACKGROUND_LOCATION" />
18-->src\main\AndroidManifest.xml:11:5-85
18-->src\main\AndroidManifest.xml:11:22-82
19    <uses-permission android:name="android.permission.FOREGROUND_SERVICE" />
19-->src\main\AndroidManifest.xml:12:5-77
19-->src\main\AndroidManifest.xml:12:22-74
20    <uses-permission android:name="android.permission.FOREGROUND_SERVICE_LOCATION" />
20-->src\main\AndroidManifest.xml:13:5-86
20-->src\main\AndroidManifest.xml:13:22-83
21
22    <!-- Wake lock so GPS keeps running on MIUI/ColorOS -->
23    <uses-permission android:name="android.permission.WAKE_LOCK" />
23-->src\main\AndroidManifest.xml:16:5-68
23-->src\main\AndroidManifest.xml:16:22-65
24
25    <!-- Notifications (Android 13+) -->
26    <uses-permission android:name="android.permission.POST_NOTIFICATIONS" />
26-->src\main\AndroidManifest.xml:19:5-77
26-->src\main\AndroidManifest.xml:19:22-74
27
28    <!-- Camera & Storage for visit photo proof -->
29    <uses-permission android:name="android.permission.CAMERA" />
29-->src\main\AndroidManifest.xml:22:5-65
29-->src\main\AndroidManifest.xml:22:22-62
30    <uses-permission android:name="android.permission.READ_MEDIA_IMAGES" />
30-->src\main\AndroidManifest.xml:23:5-76
30-->src\main\AndroidManifest.xml:23:22-73
31    <uses-permission
31-->src\main\AndroidManifest.xml:24:5-25:38
32        android:name="android.permission.WRITE_EXTERNAL_STORAGE"
32-->src\main\AndroidManifest.xml:24:22-78
33        android:maxSdkVersion="28" />
33-->src\main\AndroidManifest.xml:25:9-35
34
35    <!-- Mock location detection -->
36    <uses-permission android:name="android.permission.ACCESS_MOCK_LOCATION" />
36-->src\main\AndroidManifest.xml:28:5-30:58
36-->src\main\AndroidManifest.xml:28:22-76
37
38    <permission
38-->[androidx.core:core:1.13.1] AndroidManifest.xml:22:5-24:47
39        android:name="com.medrep.fleet.DYNAMIC_RECEIVER_NOT_EXPORTED_PERMISSION"
39-->[androidx.core:core:1.13.1] AndroidManifest.xml:23:9-81
40        android:protectionLevel="signature" />
40-->[androidx.core:core:1.13.1] AndroidManifest.xml:24:9-44
41
42    <uses-permission android:name="com.medrep.fleet.DYNAMIC_RECEIVER_NOT_EXPORTED_PERMISSION" />
42-->[androidx.core:core:1.13.1] AndroidManifest.xml:26:5-97
42-->[androidx.core:core:1.13.1] AndroidManifest.xml:26:22-94
43
44    <supports-screens
44-->[org.osmdroid:osmdroid-android:6.1.18] AndroidManifest.xml:9:5-12:40
45        android:anyDensity="true"
45-->[org.osmdroid:osmdroid-android:6.1.18] AndroidManifest.xml:10:9-34
46        android:largeScreens="true"
46-->[org.osmdroid:osmdroid-android:6.1.18] AndroidManifest.xml:11:9-36
47        android:normalScreens="true" />
47-->[org.osmdroid:osmdroid-android:6.1.18] AndroidManifest.xml:12:9-37
48
49    <uses-feature
49-->[org.osmdroid:osmdroid-android:6.1.18] AndroidManifest.xml:14:5-16:36
50        android:name="android.hardware.location.network"
50-->[org.osmdroid:osmdroid-android:6.1.18] AndroidManifest.xml:15:9-57
51        android:required="false" />
51-->[org.osmdroid:osmdroid-android:6.1.18] AndroidManifest.xml:16:9-33
52    <uses-feature
52-->[org.osmdroid:osmdroid-android:6.1.18] AndroidManifest.xml:17:5-19:36
53        android:name="android.hardware.location.gps"
53-->[org.osmdroid:osmdroid-android:6.1.18] AndroidManifest.xml:18:9-53
54        android:required="false" />
54-->[org.osmdroid:osmdroid-android:6.1.18] AndroidManifest.xml:19:9-33
55    <uses-feature
55-->[org.osmdroid:osmdroid-android:6.1.18] AndroidManifest.xml:20:5-22:36
56        android:name="android.hardware.telephony"
56-->[org.osmdroid:osmdroid-android:6.1.18] AndroidManifest.xml:21:9-50
57        android:required="false" />
57-->[org.osmdroid:osmdroid-android:6.1.18] AndroidManifest.xml:22:9-33
58    <uses-feature
58-->[org.osmdroid:osmdroid-android:6.1.18] AndroidManifest.xml:23:5-25:36
59        android:name="android.hardware.wifi"
59-->[org.osmdroid:osmdroid-android:6.1.18] AndroidManifest.xml:24:9-45
60        android:required="false" />
60-->[org.osmdroid:osmdroid-android:6.1.18] AndroidManifest.xml:25:9-33
61
62    <application
62-->src\main\AndroidManifest.xml:32:5-83:19
63        android:name="com.medrep.fleet.MedRepApp"
63-->src\main\AndroidManifest.xml:33:9-34
64        android:allowBackup="true"
64-->src\main\AndroidManifest.xml:34:9-35
65        android:appComponentFactory="androidx.core.app.CoreComponentFactory"
65-->[androidx.core:core:1.13.1] AndroidManifest.xml:28:18-86
66        android:debuggable="true"
67        android:extractNativeLibs="false"
68        android:icon="@mipmap/ic_launcher"
68-->src\main\AndroidManifest.xml:35:9-43
69        android:label="@string/app_name"
69-->src\main\AndroidManifest.xml:36:9-41
70        android:roundIcon="@mipmap/ic_launcher_round"
70-->src\main\AndroidManifest.xml:37:9-54
71        android:supportsRtl="true"
71-->src\main\AndroidManifest.xml:38:9-35
72        android:testOnly="true"
73        android:theme="@style/Theme.MedRepFleet"
73-->src\main\AndroidManifest.xml:39:9-49
74        android:usesCleartextTraffic="true" >
74-->src\main\AndroidManifest.xml:40:9-44
75        <activity
75-->src\main\AndroidManifest.xml:42:9-50:20
76            android:name="com.medrep.fleet.LoginActivity"
76-->src\main\AndroidManifest.xml:43:13-42
77            android:exported="true"
77-->src\main\AndroidManifest.xml:44:13-36
78            android:windowSoftInputMode="adjustResize" >
78-->src\main\AndroidManifest.xml:45:13-55
79            <intent-filter>
79-->src\main\AndroidManifest.xml:46:13-49:29
80                <action android:name="android.intent.action.MAIN" />
80-->src\main\AndroidManifest.xml:47:17-69
80-->src\main\AndroidManifest.xml:47:25-66
81
82                <category android:name="android.intent.category.LAUNCHER" />
82-->src\main\AndroidManifest.xml:48:17-77
82-->src\main\AndroidManifest.xml:48:27-74
83            </intent-filter>
84        </activity>
85        <activity
85-->src\main\AndroidManifest.xml:52:9-55:58
86            android:name="com.medrep.fleet.MainActivity"
86-->src\main\AndroidManifest.xml:53:13-41
87            android:exported="false"
87-->src\main\AndroidManifest.xml:54:13-37
88            android:windowSoftInputMode="adjustResize" />
88-->src\main\AndroidManifest.xml:55:13-55
89        <activity
89-->src\main\AndroidManifest.xml:57:9-60:58
90            android:name="com.medrep.fleet.ui.visits.VisitDetailActivity"
90-->src\main\AndroidManifest.xml:58:13-58
91            android:exported="false"
91-->src\main\AndroidManifest.xml:59:13-37
92            android:windowSoftInputMode="adjustResize" />
92-->src\main\AndroidManifest.xml:60:13-55
93        <activity
93-->src\main\AndroidManifest.xml:62:9-64:40
94            android:name="com.medrep.fleet.ui.route.RouteHistoryActivity"
94-->src\main\AndroidManifest.xml:63:13-58
95            android:exported="false" />
95-->src\main\AndroidManifest.xml:64:13-37
96
97        <!-- GPS Foreground Service -->
98        <service
98-->src\main\AndroidManifest.xml:67:9-70:56
99            android:name="com.medrep.fleet.service.LocationTrackingService"
99-->src\main\AndroidManifest.xml:68:13-60
100            android:exported="false"
100-->src\main\AndroidManifest.xml:69:13-37
101            android:foregroundServiceType="location" />
101-->src\main\AndroidManifest.xml:70:13-53
102
103        <!-- FileProvider for camera photos -->
104        <provider
105            android:name="androidx.core.content.FileProvider"
105-->src\main\AndroidManifest.xml:74:13-62
106            android:authorities="com.medrep.fleet.fileprovider"
106-->src\main\AndroidManifest.xml:75:13-64
107            android:exported="false"
107-->src\main\AndroidManifest.xml:76:13-37
108            android:grantUriPermissions="true" >
108-->src\main\AndroidManifest.xml:77:13-47
109            <meta-data
109-->src\main\AndroidManifest.xml:78:13-80:54
110                android:name="android.support.FILE_PROVIDER_PATHS"
110-->src\main\AndroidManifest.xml:79:17-67
111                android:resource="@xml/file_paths" />
111-->src\main\AndroidManifest.xml:80:17-51
112        </provider>
113
114        <activity
114-->[com.google.android.gms:play-services-base:18.5.0] AndroidManifest.xml:5:9-173
115            android:name="com.google.android.gms.common.api.GoogleApiActivity"
115-->[com.google.android.gms:play-services-base:18.5.0] AndroidManifest.xml:5:19-85
116            android:exported="false"
116-->[com.google.android.gms:play-services-base:18.5.0] AndroidManifest.xml:5:146-170
117            android:theme="@android:style/Theme.Translucent.NoTitleBar" />
117-->[com.google.android.gms:play-services-base:18.5.0] AndroidManifest.xml:5:86-145
118
119        <meta-data
119-->[com.google.android.gms:play-services-basement:18.4.0] AndroidManifest.xml:6:9-122
120            android:name="com.google.android.gms.version"
120-->[com.google.android.gms:play-services-basement:18.4.0] AndroidManifest.xml:6:20-65
121            android:value="@integer/google_play_services_version" />
121-->[com.google.android.gms:play-services-basement:18.4.0] AndroidManifest.xml:6:66-119
122
123        <provider
123-->[androidx.emoji2:emoji2:1.3.0] AndroidManifest.xml:24:9-32:20
124            android:name="androidx.startup.InitializationProvider"
124-->[androidx.emoji2:emoji2:1.3.0] AndroidManifest.xml:25:13-67
125            android:authorities="com.medrep.fleet.androidx-startup"
125-->[androidx.emoji2:emoji2:1.3.0] AndroidManifest.xml:26:13-68
126            android:exported="false" >
126-->[androidx.emoji2:emoji2:1.3.0] AndroidManifest.xml:27:13-37
127            <meta-data
127-->[androidx.emoji2:emoji2:1.3.0] AndroidManifest.xml:29:13-31:52
128                android:name="androidx.emoji2.text.EmojiCompatInitializer"
128-->[androidx.emoji2:emoji2:1.3.0] AndroidManifest.xml:30:17-75
129                android:value="androidx.startup" />
129-->[androidx.emoji2:emoji2:1.3.0] AndroidManifest.xml:31:17-49
130            <meta-data
130-->[androidx.lifecycle:lifecycle-process:2.8.4] AndroidManifest.xml:29:13-31:52
131                android:name="androidx.lifecycle.ProcessLifecycleInitializer"
131-->[androidx.lifecycle:lifecycle-process:2.8.4] AndroidManifest.xml:30:17-78
132                android:value="androidx.startup" />
132-->[androidx.lifecycle:lifecycle-process:2.8.4] AndroidManifest.xml:31:17-49
133            <meta-data
133-->[androidx.profileinstaller:profileinstaller:1.3.1] AndroidManifest.xml:29:13-31:52
134                android:name="androidx.profileinstaller.ProfileInstallerInitializer"
134-->[androidx.profileinstaller:profileinstaller:1.3.1] AndroidManifest.xml:30:17-85
135                android:value="androidx.startup" />
135-->[androidx.profileinstaller:profileinstaller:1.3.1] AndroidManifest.xml:31:17-49
136        </provider>
137
138        <uses-library
138-->[androidx.window:window:1.0.0] AndroidManifest.xml:25:9-27:40
139            android:name="androidx.window.extensions"
139-->[androidx.window:window:1.0.0] AndroidManifest.xml:26:13-54
140            android:required="false" />
140-->[androidx.window:window:1.0.0] AndroidManifest.xml:27:13-37
141        <uses-library
141-->[androidx.window:window:1.0.0] AndroidManifest.xml:28:9-30:40
142            android:name="androidx.window.sidecar"
142-->[androidx.window:window:1.0.0] AndroidManifest.xml:29:13-51
143            android:required="false" />
143-->[androidx.window:window:1.0.0] AndroidManifest.xml:30:13-37
144
145        <receiver
145-->[androidx.profileinstaller:profileinstaller:1.3.1] AndroidManifest.xml:34:9-52:20
146            android:name="androidx.profileinstaller.ProfileInstallReceiver"
146-->[androidx.profileinstaller:profileinstaller:1.3.1] AndroidManifest.xml:35:13-76
147            android:directBootAware="false"
147-->[androidx.profileinstaller:profileinstaller:1.3.1] AndroidManifest.xml:36:13-44
148            android:enabled="true"
148-->[androidx.profileinstaller:profileinstaller:1.3.1] AndroidManifest.xml:37:13-35
149            android:exported="true"
149-->[androidx.profileinstaller:profileinstaller:1.3.1] AndroidManifest.xml:38:13-36
150            android:permission="android.permission.DUMP" >
150-->[androidx.profileinstaller:profileinstaller:1.3.1] AndroidManifest.xml:39:13-57
151            <intent-filter>
151-->[androidx.profileinstaller:profileinstaller:1.3.1] AndroidManifest.xml:40:13-42:29
152                <action android:name="androidx.profileinstaller.action.INSTALL_PROFILE" />
152-->[androidx.profileinstaller:profileinstaller:1.3.1] AndroidManifest.xml:41:17-91
152-->[androidx.profileinstaller:profileinstaller:1.3.1] AndroidManifest.xml:41:25-88
153            </intent-filter>
154            <intent-filter>
154-->[androidx.profileinstaller:profileinstaller:1.3.1] AndroidManifest.xml:43:13-45:29
155                <action android:name="androidx.profileinstaller.action.SKIP_FILE" />
155-->[androidx.profileinstaller:profileinstaller:1.3.1] AndroidManifest.xml:44:17-85
155-->[androidx.profileinstaller:profileinstaller:1.3.1] AndroidManifest.xml:44:25-82
156            </intent-filter>
157            <intent-filter>
157-->[androidx.profileinstaller:profileinstaller:1.3.1] AndroidManifest.xml:46:13-48:29
158                <action android:name="androidx.profileinstaller.action.SAVE_PROFILE" />
158-->[androidx.profileinstaller:profileinstaller:1.3.1] AndroidManifest.xml:47:17-88
158-->[androidx.profileinstaller:profileinstaller:1.3.1] AndroidManifest.xml:47:25-85
159            </intent-filter>
160            <intent-filter>
160-->[androidx.profileinstaller:profileinstaller:1.3.1] AndroidManifest.xml:49:13-51:29
161                <action android:name="androidx.profileinstaller.action.BENCHMARK_OPERATION" />
161-->[androidx.profileinstaller:profileinstaller:1.3.1] AndroidManifest.xml:50:17-95
161-->[androidx.profileinstaller:profileinstaller:1.3.1] AndroidManifest.xml:50:25-92
162            </intent-filter>
163        </receiver>
164    </application>
165
166</manifest>